f:\资料\protobuf-master\vsprojects\debug\vc120.pdb
f:\资料\protobuf-master\vsprojects\debug\vc120.idb
f:\资料\protobuf-master\vsprojects\debug\main.obj
f:\资料\protobuf-master\vsprojects\debug\protoc.ilk
f:\资料\protobuf-master\vsprojects\debug\protoc.exe
f:\资料\protobuf-master\vsprojects\debug\protoc.pdb
f:\资料\protobuf-master\vsprojects\debug\code_generator.obj
f:\资料\protobuf-master\vsprojects\debug\command_line_interface.obj
f:\资料\protobuf-master\vsprojects\debug\cpp_enum.obj
f:\资料\protobuf-master\vsprojects\debug\cpp_enum_field.obj
f:\资料\protobuf-master\vsprojects\debug\cpp_extension.obj
f:\资料\protobuf-master\vsprojects\debug\cpp_field.obj
f:\资料\protobuf-master\vsprojects\debug\cpp_file.obj
f:\资料\protobuf-master\vsprojects\debug\cpp_generator.obj
f:\资料\protobuf-master\vsprojects\debug\cpp_helpers.obj
f:\资料\protobuf-master\vsprojects\debug\cpp_message.obj
f:\资料\protobuf-master\vsprojects\debug\cpp_message_field.obj
f:\资料\protobuf-master\vsprojects\debug\cpp_primitive_field.obj
f:\资料\protobuf-master\vsprojects\debug\cpp_service.obj
f:\资料\protobuf-master\vsprojects\debug\cpp_string_field.obj
f:\资料\protobuf-master\vsprojects\debug\java_context.obj
f:\资料\protobuf-master\vsprojects\debug\java_doc_comment.obj
f:\资料\protobuf-master\vsprojects\debug\java_enum.obj
f:\资料\protobuf-master\vsprojects\debug\java_enum_field.obj
f:\资料\protobuf-master\vsprojects\debug\java_extension.obj
f:\资料\protobuf-master\vsprojects\debug\java_field.obj
f:\资料\protobuf-master\vsprojects\debug\java_file.obj
f:\资料\protobuf-master\vsprojects\debug\java_generator.obj
f:\资料\protobuf-master\vsprojects\debug\java_generator_factory.obj
f:\资料\protobuf-master\vsprojects\debug\java_helpers.obj
f:\资料\protobuf-master\vsprojects\debug\java_lazy_message_field.obj
f:\资料\protobuf-master\vsprojects\debug\java_message.obj
f:\资料\protobuf-master\vsprojects\debug\java_message_field.obj
f:\资料\protobuf-master\vsprojects\debug\java_name_resolver.obj
f:\资料\protobuf-master\vsprojects\debug\java_primitive_field.obj
f:\资料\protobuf-master\vsprojects\debug\java_service.obj
f:\资料\protobuf-master\vsprojects\debug\java_shared_code_generator.obj
f:\资料\protobuf-master\vsprojects\debug\java_string_field.obj
f:\资料\protobuf-master\vsprojects\debug\plugin.obj
f:\资料\protobuf-master\vsprojects\debug\plugin.pb.obj
f:\资料\protobuf-master\vsprojects\debug\python_generator.obj
f:\资料\protobuf-master\vsprojects\debug\subprocess.obj
f:\资料\protobuf-master\vsprojects\debug\zip_writer.obj
f:\资料\protobuf-master\vsprojects\debug\protoc.tlog\cl.command.1.tlog
f:\资料\protobuf-master\vsprojects\debug\protoc.tlog\cl.read.1.tlog
f:\资料\protobuf-master\vsprojects\debug\protoc.tlog\cl.write.1.tlog
f:\资料\protobuf-master\vsprojects\debug\protoc.tlog\link.command.1.tlog
f:\资料\protobuf-master\vsprojects\debug\protoc.tlog\link.read.1.tlog
f:\资料\protobuf-master\vsprojects\debug\protoc.tlog\link.write.1.tlog
